app/build/intermediates/manifest_merge_blame_file/debug/manifest-merger-blame-debug-report.txt
1<?xml version="1.0" encoding="utf-8"?>
2<manifest xmlns:android="http://schemas.android.com/apk/res/android"
3    package="com.application.easycook"
4    android:versionCode="1"
5    android:versionName="1.0" >
6
7    <uses-sdk
8        android:minSdkVersion="21"
8-->src\main\AndroidManifest.xml
9        android:targetSdkVersion="32" />
9-->src\main\AndroidManifest.xml
10
11    <uses-permission android:name="android.permission.INTERNET" />
11-->src\main\AndroidManifest.xml:5:5-67
11-->src\main\AndroidManifest.xml:5:22-64
12    <uses-permission android:name="android.permission.ACCESS_NETWORK_STATE" />
12-->src\main\AndroidManifest.xml:6:5-79
12-->src\main\AndroidManifest.xml:6:22-76
13
14    <queries>
14-->[com.google.firebase:firebase-inappmessaging-display:20.1.1] AndroidManifest.xml:14:5-20:15
15        <intent>
15-->[com.google.firebase:firebase-inappmessaging-display:20.1.1] AndroidManifest.xml:15:9-19:18
16            <action android:name="android.intent.action.VIEW" />
16-->[com.google.firebase:firebase-inappmessaging-display:20.1.1] AndroidManifest.xml:16:13-65
16-->[com.google.firebase:firebase-inappmessaging-display:20.1.1] AndroidManifest.xml:16:21-62
17
18            <data android:scheme="https" />
18-->[com.google.firebase:firebase-inappmessaging-display:20.1.1] AndroidManifest.xml:18:13-44
18-->[com.google.firebase:firebase-inappmessaging-display:20.1.1] AndroidManifest.xml:18:19-41
19        </intent>
20    </queries>
21
22    <application
22-->src\main\AndroidManifest.xml:8:5-59:19
23        android:allowBackup="true"
23-->src\main\AndroidManifest.xml:9:9-35
24        android:appComponentFactory="androidx.core.app.CoreComponentFactory"
24-->[androidx.core:core:1.8.0] AndroidManifest.xml:24:18-86
25        android:dataExtractionRules="@xml/data_extraction_rules"
25-->src\main\AndroidManifest.xml:10:9-65
26        android:debuggable="true"
27        android:fullBackupContent="@xml/backup_rules"
27-->src\main\AndroidManifest.xml:11:9-54
28        android:icon="@mipmap/ic_launcher"
28-->src\main\AndroidManifest.xml:12:9-43
29        android:label="@string/app_name"
29-->src\main\AndroidManifest.xml:13:9-41
30        android:roundIcon="@mipmap/ic_launcher_round"
30-->src\main\AndroidManifest.xml:14:9-54
31        android:supportsRtl="true"
31-->src\main\AndroidManifest.xml:15:9-35
32        android:testOnly="true"
33        android:theme="@style/Theme.EasyCook" >
33-->src\main\AndroidManifest.xml:16:9-46
34        <activity
34-->src\main\AndroidManifest.xml:18:9-24:20
35            android:name="com.application.easycook.HomeActivity"
35-->src\main\AndroidManifest.xml:19:13-41
36            android:exported="false" >
36-->src\main\AndroidManifest.xml:20:13-37
37            <meta-data
37-->src\main\AndroidManifest.xml:21:13-23:36
38                android:name="android.app.lib_name"
38-->src\main\AndroidManifest.xml:22:17-52
39                android:value="" />
39-->src\main\AndroidManifest.xml:23:17-33
40        </activity>
41        <activity
41-->src\main\AndroidManifest.xml:25:9-31:20
42            android:name="com.application.easycook.ForgotPasswordActivity"
42-->src\main\AndroidManifest.xml:26:13-51
43            android:exported="false" >
43-->src\main\AndroidManifest.xml:27:13-37
44            <meta-data
44-->src\main\AndroidManifest.xml:21:13-23:36
45                android:name="android.app.lib_name"
45-->src\main\AndroidManifest.xml:22:17-52
46                android:value="" />
46-->src\main\AndroidManifest.xml:23:17-33
47        </activity>
48        <activity
48-->src\main\AndroidManifest.xml:32:9-38:20
49            android:name="com.application.easycook.LoginActivity"
49-->src\main\AndroidManifest.xml:33:13-42
50            android:exported="false" >
50-->src\main\AndroidManifest.xml:34:13-37
51            <meta-data
51-->src\main\AndroidManifest.xml:21:13-23:36
52                android:name="android.app.lib_name"
52-->src\main\AndroidManifest.xml:22:17-52
53                android:value="" />
53-->src\main\AndroidManifest.xml:23:17-33
54        </activity>
55        <activity
55-->src\main\AndroidManifest.xml:39:9-45:20
56            android:name="com.application.easycook.RegisterActivity"
56-->src\main\AndroidManifest.xml:40:13-45
57            android:exported="false" >
57-->src\main\AndroidManifest.xml:41:13-37
58            <meta-data
58-->src\main\AndroidManifest.xml:21:13-23:36
59                android:name="android.app.lib_name"
59-->src\main\AndroidManifest.xml:22:17-52
60                android:value="" />
60-->src\main\AndroidManifest.xml:23:17-33
61        </activity>
62        <activity
62-->src\main\AndroidManifest.xml:46:9-58:20
63            android:name="com.application.easycook.InitActivity"
63-->src\main\AndroidManifest.xml:47:13-41
64            android:exported="true" >
64-->src\main\AndroidManifest.xml:48:13-36
65            <intent-filter>
65-->src\main\AndroidManifest.xml:49:13-53:29
66                <action android:name="android.intent.action.MAIN" />
66-->src\main\AndroidManifest.xml:50:17-69
66-->src\main\AndroidManifest.xml:50:25-66
67
68                <category android:name="android.intent.category.LAUNCHER" />
68-->src\main\AndroidManifest.xml:52:17-77
68-->src\main\AndroidManifest.xml:52:27-74
69            </intent-filter>
70
71            <meta-data
71-->src\main\AndroidManifest.xml:21:13-23:36
72                android:name="android.app.lib_name"
72-->src\main\AndroidManifest.xml:22:17-52
73                android:value="" />
73-->src\main\AndroidManifest.xml:23:17-33
74        </activity>
75
76        <service
76-->[com.google.firebase:firebase-inappmessaging-display:20.1.1] AndroidManifest.xml:23:9-29:19
77            android:name="com.google.firebase.components.ComponentDiscoveryService"
77-->[com.google.firebase:firebase-inappmessaging-display:20.1.1] AndroidManifest.xml:24:13-84
78            android:directBootAware="true"
78-->[com.google.firebase:firebase-common:20.3.1] AndroidManifest.xml:34:13-43
79            android:exported="false" >
79-->[com.google.firebase:firebase-inappmessaging-display:20.1.1] AndroidManifest.xml:25:13-37
80            <meta-data
80-->[com.google.firebase:firebase-inappmessaging-display:20.1.1] AndroidManifest.xml:26:13-28:85
81                android:name="com.google.firebase.components:com.google.firebase.inappmessaging.display.FirebaseInAppMessagingDisplayRegistrar"
81-->[com.google.firebase:firebase-inappmessaging-display:20.1.1] AndroidManifest.xml:27:17-144
82                android:value="com.google.firebase.components.ComponentRegistrar" />
82-->[com.google.firebase:firebase-inappmessaging-display:20.1.1] AndroidManifest.xml:28:17-82
83            <meta-data
83-->[com.google.firebase:firebase-perf:20.0.3] AndroidManifest.xml:23:13-25:85
84                android:name="com.google.firebase.components:com.google.firebase.perf.FirebasePerfRegistrar"
84-->[com.google.firebase:firebase-perf:20.0.3] AndroidManifest.xml:24:17-109
85                android:value="com.google.firebase.components.ComponentRegistrar" />
85-->[com.google.firebase:firebase-perf:20.0.3] AndroidManifest.xml:25:17-82
86            <meta-data
86-->[com.google.firebase:firebase-auth:21.1.0] AndroidManifest.xml:67:13-69:85
87                android:name="com.google.firebase.components:com.google.firebase.auth.FirebaseAuthRegistrar"
87-->[com.google.firebase:firebase-auth:21.1.0] AndroidManifest.xml:68:17-109
88                android:value="com.google.firebase.components.ComponentRegistrar" />
88-->[com.google.firebase:firebase-auth:21.1.0] AndroidManifest.xml:69:17-82
89            <meta-data
89-->[com.google.firebase:firebase-database:20.0.4] AndroidManifest.xml:32:13-34:85
90                android:name="com.google.firebase.components:com.google.firebase.database.DatabaseRegistrar"
90-->[com.google.firebase:firebase-database:20.0.4] AndroidManifest.xml:33:17-109
91                android:value="com.google.firebase.components.ComponentRegistrar" />
91-->[com.google.firebase:firebase-database:20.0.4] AndroidManifest.xml:34:17-82
92            <meta-data
92-->[com.google.firebase:firebase-firestore:24.4.4] AndroidManifest.xml:19:13-21:85
93                android:name="com.google.firebase.components:com.google.firebase.firestore.FirestoreRegistrar"
93-->[com.google.firebase:firebase-firestore:24.4.4] AndroidManifest.xml:20:17-111
94                android:value="com.google.firebase.components.ComponentRegistrar" />
94-->[com.google.firebase:firebase-firestore:24.4.4] AndroidManifest.xml:21:17-82
95            <meta-data
95-->[com.google.firebase:firebase-storage:20.1.0] AndroidManifest.xml:32:13-34:85
96                android:name="com.google.firebase.components:com.google.firebase.storage.StorageRegistrar"
96-->[com.google.firebase:firebase-storage:20.1.0] AndroidManifest.xml:33:17-107
97                android:value="com.google.firebase.components.ComponentRegistrar" />
97-->[com.google.firebase:firebase-storage:20.1.0] AndroidManifest.xml:34:17-82
98            <meta-data
98-->[com.google.firebase:firebase-inappmessaging:20.1.1] AndroidManifest.xml:17:13-19:85
99                android:name="com.google.firebase.components:com.google.firebase.inappmessaging.FirebaseInAppMessagingRegistrar"
99-->[com.google.firebase:firebase-inappmessaging:20.1.1] AndroidManifest.xml:18:17-129
100                android:value="com.google.firebase.components.ComponentRegistrar" />
100-->[com.google.firebase:firebase-inappmessaging:20.1.1] AndroidManifest.xml:19:17-82
101            <meta-data
101-->[com.google.firebase:firebase-config:21.0.1] AndroidManifest.xml:32:13-34:85
102                android:name="com.google.firebase.components:com.google.firebase.remoteconfig.RemoteConfigRegistrar"
102-->[com.google.firebase:firebase-config:21.0.1] AndroidManifest.xml:33:17-117
103                android:value="com.google.firebase.components.ComponentRegistrar" />
103-->[com.google.firebase:firebase-config:21.0.1] AndroidManifest.xml:34:17-82
104            <meta-data
104-->[com.google.firebase:firebase-abt:21.0.0] AndroidManifest.xml:13:13-15:85
105                android:name="com.google.firebase.components:com.google.firebase.abt.component.AbtRegistrar"
105-->[com.google.firebase:firebase-abt:21.0.0] AndroidManifest.xml:14:17-109
106                android:value="com.google.firebase.components.ComponentRegistrar" />
106-->[com.google.firebase:firebase-abt:21.0.0] AndroidManifest.xml:15:17-82
107            <meta-data
107-->[com.google.firebase:firebase-datatransport:18.1.0] AndroidManifest.xml:28:13-30:85
108                android:name="com.google.firebase.components:com.google.firebase.datatransport.TransportRegistrar"
108-->[com.google.firebase:firebase-datatransport:18.1.0] AndroidManifest.xml:29:17-115
109                android:value="com.google.firebase.components.ComponentRegistrar" />
109-->[com.google.firebase:firebase-datatransport:18.1.0] AndroidManifest.xml:30:17-82
110            <meta-data
110-->[com.google.firebase:firebase-installations:17.0.0] AndroidManifest.xml:18:13-20:85
111                android:name="com.google.firebase.components:com.google.firebase.installations.FirebaseInstallationsRegistrar"
111-->[com.google.firebase:firebase-installations:17.0.0] AndroidManifest.xml:19:17-127
112                android:value="com.google.firebase.components.ComponentRegistrar" />
112-->[com.google.firebase:firebase-installations:17.0.0] AndroidManifest.xml:20:17-82
113        </service>
114
115        <provider
115-->[com.google.firebase:firebase-perf:20.0.3] AndroidManifest.xml:14:9-18:39
116            android:name="com.google.firebase.perf.provider.FirebasePerfProvider"
116-->[com.google.firebase:firebase-perf:20.0.3] AndroidManifest.xml:15:13-82
117            android:authorities="com.application.easycook.firebaseperfprovider"
117-->[com.google.firebase:firebase-perf:20.0.3] AndroidManifest.xml:16:13-72
118            android:exported="false"
118-->[com.google.firebase:firebase-perf:20.0.3] AndroidManifest.xml:17:13-37
119            android:initOrder="101" />
119-->[com.google.firebase:firebase-perf:20.0.3] AndroidManifest.xml:18:13-36
120
121        <activity
121-->[com.google.firebase:firebase-auth:21.1.0] AndroidManifest.xml:27:9-44:20
122            android:name="com.google.firebase.auth.internal.GenericIdpActivity"
122-->[com.google.firebase:firebase-auth:21.1.0] AndroidManifest.xml:28:13-80
123            android:excludeFromRecents="true"
123-->[com.google.firebase:firebase-auth:21.1.0] AndroidManifest.xml:29:13-46
124            android:exported="true"
124-->[com.google.firebase:firebase-auth:21.1.0] AndroidManifest.xml:30:13-36
125            android:launchMode="singleTask"
125-->[com.google.firebase:firebase-auth:21.1.0] AndroidManifest.xml:31:13-44
126            android:theme="@android:style/Theme.Translucent.NoTitleBar" >
126-->[com.google.firebase:firebase-auth:21.1.0] AndroidManifest.xml:32:13-72
127            <intent-filter>
127-->[com.google.firebase:firebase-auth:21.1.0] AndroidManifest.xml:33:13-43:29
128                <action android:name="android.intent.action.VIEW" />
128-->[com.google.firebase:firebase-inappmessaging-display:20.1.1] AndroidManifest.xml:16:13-65
128-->[com.google.firebase:firebase-inappmessaging-display:20.1.1] AndroidManifest.xml:16:21-62
129
130                <category android:name="android.intent.category.DEFAULT" />
130-->[com.google.firebase:firebase-auth:21.1.0] AndroidManifest.xml:36:17-76
130-->[com.google.firebase:firebase-auth:21.1.0] AndroidManifest.xml:36:27-73
131                <category android:name="android.intent.category.BROWSABLE" />
131-->[com.google.firebase:firebase-auth:21.1.0] AndroidManifest.xml:37:17-78
131-->[com.google.firebase:firebase-auth:21.1.0] AndroidManifest.xml:37:27-75
132
133                <data
133-->[com.google.firebase:firebase-inappmessaging-display:20.1.1] AndroidManifest.xml:18:13-44
134                    android:host="firebase.auth"
135                    android:path="/"
136                    android:scheme="genericidp" />
136-->[com.google.firebase:firebase-inappmessaging-display:20.1.1] AndroidManifest.xml:18:19-41
137            </intent-filter>
138        </activity>
139        <activity
139-->[com.google.firebase:firebase-auth:21.1.0] AndroidManifest.xml:45:9-62:20
140            android:name="com.google.firebase.auth.internal.RecaptchaActivity"
140-->[com.google.firebase:firebase-auth:21.1.0] AndroidManifest.xml:46:13-79
141            android:excludeFromRecents="true"
141-->[com.google.firebase:firebase-auth:21.1.0] AndroidManifest.xml:47:13-46
142            android:exported="true"
142-->[com.google.firebase:firebase-auth:21.1.0] AndroidManifest.xml:48:13-36
143            android:launchMode="singleTask"
143-->[com.google.firebase:firebase-auth:21.1.0] AndroidManifest.xml:49:13-44
144            android:theme="@android:style/Theme.Translucent.NoTitleBar" >
144-->[com.google.firebase:firebase-auth:21.1.0] AndroidManifest.xml:50:13-72
145            <intent-filter>
145-->[com.google.firebase:firebase-auth:21.1.0] AndroidManifest.xml:51:13-61:29
146                <action android:name="android.intent.action.VIEW" />
146-->[com.google.firebase:firebase-inappmessaging-display:20.1.1] AndroidManifest.xml:16:13-65
146-->[com.google.firebase:firebase-inappmessaging-display:20.1.1] AndroidManifest.xml:16:21-62
147
148                <category android:name="android.intent.category.DEFAULT" />
148-->[com.google.firebase:firebase-auth:21.1.0] AndroidManifest.xml:36:17-76
148-->[com.google.firebase:firebase-auth:21.1.0] AndroidManifest.xml:36:27-73
149                <category android:name="android.intent.category.BROWSABLE" />
149-->[com.google.firebase:firebase-auth:21.1.0] AndroidManifest.xml:37:17-78
149-->[com.google.firebase:firebase-auth:21.1.0] AndroidManifest.xml:37:27-75
150
151                <data
151-->[com.google.firebase:firebase-inappmessaging-display:20.1.1] AndroidManifest.xml:18:13-44
152                    android:host="firebase.auth"
153                    android:path="/"
154                    android:scheme="recaptcha" />
154-->[com.google.firebase:firebase-inappmessaging-display:20.1.1] AndroidManifest.xml:18:19-41
155            </intent-filter>
156        </activity>
157
158        <provider
158-->[com.squareup.picasso:picasso:2.8] AndroidManifest.xml:8:9-11:40
159            android:name="com.squareup.picasso.PicassoProvider"
159-->[com.squareup.picasso:picasso:2.8] AndroidManifest.xml:9:13-64
160            android:authorities="com.application.easycook.com.squareup.picasso"
160-->[com.squareup.picasso:picasso:2.8] AndroidManifest.xml:10:13-72
161            android:exported="false" />
161-->[com.squareup.picasso:picasso:2.8] AndroidManifest.xml:11:13-37
162
163        <service
163-->[com.google.android.datatransport:transport-backend-cct:3.1.0] AndroidManifest.xml:29:9-35:19
164            android:name="com.google.android.datatransport.runtime.backends.TransportBackendDiscovery"
164-->[com.google.android.datatransport:transport-backend-cct:3.1.0] AndroidManifest.xml:30:13-103
165            android:exported="false" >
165-->[com.google.android.datatransport:transport-backend-cct:3.1.0] AndroidManifest.xml:31:13-37
166            <meta-data
166-->[com.google.android.datatransport:transport-backend-cct:3.1.0] AndroidManifest.xml:32:13-34:39
167                android:name="backend:com.google.android.datatransport.cct.CctBackendFactory"
167-->[com.google.android.datatransport:transport-backend-cct:3.1.0] AndroidManifest.xml:33:17-94
168                android:value="cct" />
168-->[com.google.android.datatransport:transport-backend-cct:3.1.0] AndroidManifest.xml:34:17-36
169        </service>
170        <service
170-->[com.google.android.datatransport:transport-runtime:3.1.0] AndroidManifest.xml:26:9-30:19
171            android:name="com.google.android.datatransport.runtime.scheduling.jobscheduling.JobInfoSchedulerService"
171-->[com.google.android.datatransport:transport-runtime:3.1.0] AndroidManifest.xml:27:13-117
172            android:exported="false"
172-->[com.google.android.datatransport:transport-runtime:3.1.0] AndroidManifest.xml:28:13-37
173            android:permission="android.permission.BIND_JOB_SERVICE" >
173-->[com.google.android.datatransport:transport-runtime:3.1.0] AndroidManifest.xml:29:13-69
174        </service>
175
176        <receiver
176-->[com.google.android.datatransport:transport-runtime:3.1.0] AndroidManifest.xml:32:9-34:40
177            android:name="com.google.android.datatransport.runtime.scheduling.jobscheduling.AlarmManagerSchedulerBroadcastReceiver"
177-->[com.google.android.datatransport:transport-runtime:3.1.0] AndroidManifest.xml:33:13-132
178            android:exported="false" />
178-->[com.google.android.datatransport:transport-runtime:3.1.0] AndroidManifest.xml:34:13-37
179
180        <provider
180-->[com.google.firebase:firebase-common:20.3.1] AndroidManifest.xml:25:9-30:39
181            android:name="com.google.firebase.provider.FirebaseInitProvider"
181-->[com.google.firebase:firebase-common:20.3.1] AndroidManifest.xml:26:13-77
182            android:authorities="com.application.easycook.firebaseinitprovider"
182-->[com.google.firebase:firebase-common:20.3.1] AndroidManifest.xml:27:13-72
183            android:directBootAware="true"
183-->[com.google.firebase:firebase-common:20.3.1] AndroidManifest.xml:28:13-43
184            android:exported="false"
184-->[com.google.firebase:firebase-common:20.3.1] AndroidManifest.xml:29:13-37
185            android:initOrder="100" />
185-->[com.google.firebase:firebase-common:20.3.1] AndroidManifest.xml:30:13-36
186
187        <activity
187-->[com.google.android.gms:play-services-base:18.0.1] AndroidManifest.xml:20:9-22:45
188            android:name="com.google.android.gms.common.api.GoogleApiActivity"
188-->[com.google.android.gms:play-services-base:18.0.1] AndroidManifest.xml:20:19-85
189            android:exported="false"
189-->[com.google.android.gms:play-services-base:18.0.1] AndroidManifest.xml:22:19-43
190            android:theme="@android:style/Theme.Translucent.NoTitleBar" />
190-->[com.google.android.gms:play-services-base:18.0.1] AndroidManifest.xml:21:19-78
191
192        <meta-data
192-->[com.google.android.gms:play-services-basement:18.1.0] AndroidManifest.xml:21:9-23:69
193            android:name="com.google.android.gms.version"
193-->[com.google.android.gms:play-services-basement:18.1.0] AndroidManifest.xml:22:13-58
194            android:value="@integer/google_play_services_version" />
194-->[com.google.android.gms:play-services-basement:18.1.0] AndroidManifest.xml:23:13-66
195
196        <provider
196-->[androidx.emoji2:emoji2:1.2.0] AndroidManifest.xml:24:9-32:20
197            android:name="androidx.startup.InitializationProvider"
197-->[androidx.emoji2:emoji2:1.2.0] AndroidManifest.xml:25:13-67
198            android:authorities="com.application.easycook.androidx-startup"
198-->[androidx.emoji2:emoji2:1.2.0] AndroidManifest.xml:26:13-68
199            android:exported="false" >
199-->[androidx.emoji2:emoji2:1.2.0] AndroidManifest.xml:27:13-37
200            <meta-data
200-->[androidx.emoji2:emoji2:1.2.0] AndroidManifest.xml:29:13-31:52
201                android:name="androidx.emoji2.text.EmojiCompatInitializer"
201-->[androidx.emoji2:emoji2:1.2.0] AndroidManifest.xml:30:17-75
202                android:value="androidx.startup" />
202-->[androidx.emoji2:emoji2:1.2.0] AndroidManifest.xml:31:17-49
203            <meta-data
203-->[androidx.lifecycle:lifecycle-process:2.4.1] AndroidManifest.xml:31:13-33:52
204                android:name="androidx.lifecycle.ProcessLifecycleInitializer"
204-->[androidx.lifecycle:lifecycle-process:2.4.1] AndroidManifest.xml:32:17-78
205                android:value="androidx.startup" />
205-->[androidx.lifecycle:lifecycle-process:2.4.1] AndroidManifest.xml:33:17-49
206        </provider>
207    </application>
208
209</manifest>